<?xml version="1.0" encoding="UTF-8"?>
<testsuite xmlns:xsi="http://www.w3.org/2001/XMLSchema-instance" xsi:noNamespaceSchemaLocation="https://maven.apache.org/surefire/maven-surefire-plugin/xsd/surefire-test-report-3.0.xsd" version="3.0" name="org.redhat.janus.ExampleResourceTest" time="2.544" tests="1" errors="0" skipped="0" failures="0">
  <properties>
[...]
</properties>
  <testcase name="testEndpoint" classname="org.redhat.janus.ExampleResourceTest" time="0.652">
    <system-out><![CDATA[2026-03-05 11:25:47,219 INFO  [io.qua.sma.openapi] (build-32) OpenAPI JSON saved: /workspace/projects/RH-Summit/devsecops-summit-v2/current/git/ctf-test-private/./openapi.json
2026-03-05 11:25:47,225 INFO  [io.qua.sma.openapi] (build-32) OpenAPI YAML saved: /workspace/projects/RH-Summit/devsecops-summit-v2/current/git/ctf-test-private/./openapi.yaml
2026-03-05 11:25:47,416 WARN  [io.qua.config] (main) Unrecognized configuration key "quarkus.openshift.env.vars.current-ns.field" was provided; it will be ignored; verify that the dependency extension for this configuration is set or that you did not make a typo
2026-03-05 11:25:47,676 INFO  [io.quarkus] (main) customers 1.0-SNAPSHOT on JVM (powered by Quarkus 3.8.6.redhat-00004) started in 1.483s. Listening on: http://localhost:8081
2026-03-05 11:25:47,677 INFO  [io.quarkus] (main) Profile test activated. 
2026-03-05 11:25:47,677 INFO  [io.quarkus] (main) Installed features: [cdi, kubernetes, resteasy, smallrye-context-propagation, smallrye-openapi, swagger-ui, vertx]
]]></system-out>
  </testcase>
</testsuite>